<?xml version="1.0" encoding="UTF-8"?>
<testng-results skipped="0" failed="0" total="1" passed="1">
  <reporter-output>
  </reporter-output>
  <suite name="Suite" duration-ms="17112" started-at="2018-03-21T15:05:23Z" finished-at="2018-03-21T15:05:41Z">
    <groups>
    </groups>
    <test name="Test" duration-ms="17112" started-at="2018-03-21T15:05:23Z" finished-at="2018-03-21T15:05:41Z">
      <class name="demoproject.NewTest">
        <test-method status="PASS" signature="testJenkinsJob()[pri:0, instance:demoproject.NewTest@5b1d2887]" name="testJenkinsJob" duration-ms="17091" started-at="2018-03-21T20:35:23Z" finished-at="2018-03-21T20:35:41Z">
          <reporter-output>
          </reporter-output>
        </test-method> <!-- testJenkinsJob -->
      </class> <!-- demoproject.NewTest -->
    </test> <!-- Test -->
  </suite> <!-- Suite -->
</testng-results>
